2026-03-03T10:59:38:   ▲ Next.js 14.2.35
2026-03-03T10:59:38:   - Local:        http://localhost:3001
2026-03-03T10:59:38: 
2026-03-03T10:59:38:  ✓ Starting...
2026-03-03T10:59:39:   ▲ Next.js 14.2.35
2026-03-03T10:59:39:   - Local:        http://localhost:3001
2026-03-03T10:59:39: 
2026-03-03T10:59:39:  ✓ Starting...
2026-03-03T10:59:39:   ▲ Next.js 14.2.35
2026-03-03T10:59:39:   - Local:        http://localhost:3001
2026-03-03T10:59:39: 
2026-03-03T10:59:39:  ✓ Starting...
2026-03-03T10:59:39:   ▲ Next.js 14.2.35
2026-03-03T10:59:39:   - Local:        http://localhost:3001
2026-03-03T10:59:39: 
2026-03-03T10:59:39:  ✓ Starting...
2026-03-03T10:59:40:   ▲ Next.js 14.2.35
2026-03-03T10:59:40:   - Local:        http://localhost:3001
2026-03-03T10:59:40: 
2026-03-03T10:59:40:  ✓ Starting...
2026-03-03T10:59:40:   ▲ Next.js 14.2.35
2026-03-03T10:59:40:   - Local:        http://localhost:3001
2026-03-03T10:59:40: 
2026-03-03T10:59:40:  ✓ Starting...
2026-03-03T10:59:41:   ▲ Next.js 14.2.35
2026-03-03T10:59:41:   - Local:        http://localhost:3001
2026-03-03T10:59:41: 
2026-03-03T10:59:41:  ✓ Starting...
2026-03-03T10:59:41:   ▲ Next.js 14.2.35
2026-03-03T10:59:41:   - Local:        http://localhost:3001
2026-03-03T10:59:41: 
2026-03-03T10:59:41:  ✓ Starting...
2026-03-03T10:59:42:   ▲ Next.js 14.2.35
2026-03-03T10:59:42:   - Local:        http://localhost:3001
2026-03-03T10:59:42: 
2026-03-03T10:59:42:  ✓ Starting...
2026-03-03T10:59:42:   ▲ Next.js 14.2.35
2026-03-03T10:59:42:   - Local:        http://localhost:3001
2026-03-03T10:59:42: 
2026-03-03T10:59:42:  ✓ Starting...
2026-03-03T10:59:42:   ▲ Next.js 14.2.35
2026-03-03T10:59:42:   - Local:        http://localhost:3001
2026-03-03T10:59:42: 
2026-03-03T10:59:42:  ✓ Starting...
2026-03-03T10:59:43:   ▲ Next.js 14.2.35
2026-03-03T10:59:43:   - Local:        http://localhost:3001
2026-03-03T10:59:43: 
2026-03-03T10:59:43:  ✓ Starting...
2026-03-03T10:59:43:   ▲ Next.js 14.2.35
2026-03-03T10:59:43:   - Local:        http://localhost:3001
2026-03-03T10:59:43: 
2026-03-03T10:59:43:  ✓ Starting...
2026-03-03T10:59:44:   ▲ Next.js 14.2.35
2026-03-03T10:59:44:   - Local:        http://localhost:3001
2026-03-03T10:59:44: 
2026-03-03T10:59:44:  ✓ Starting...
2026-03-03T10:59:44:   ▲ Next.js 14.2.35
2026-03-03T10:59:44:   - Local:        http://localhost:3001
2026-03-03T10:59:44: 
2026-03-03T10:59:44:  ✓ Starting...
2026-03-03T10:59:45:   ▲ Next.js 14.2.35
2026-03-03T10:59:45:   - Local:        http://localhost:3001
2026-03-03T10:59:45: 
2026-03-03T10:59:45:  ✓ Starting...
2026-03-03T10:59:45:   ▲ Next.js 14.2.35
2026-03-03T10:59:45:   - Local:        http://localhost:3001
2026-03-03T10:59:45: 
2026-03-03T10:59:45:  ✓ Starting...
2026-03-03T11:01:04:   ▲ Next.js 14.2.35
2026-03-03T11:01:04:   - Local:        http://localhost:3001
2026-03-03T11:01:04: 
2026-03-03T11:01:04:  ✓ Starting...
2026-03-03T11:01:04:  ✓ Ready in 385ms
2026-03-03T11:01:14: ✅ Firebase Admin initialized with service account file
2026-03-03T11:01:14: 📊 Project ID: test-590a3
2026-03-03T11:01:15: ✅ Firestore instance created
2026-03-03T11:01:15: 🔍 Checking subscription for userId: test_user_123
